<?xml version="1.0" encoding="UTF-8"?>
<!-- Generated by org.testng.reporters.JUnitReportReporter -->
<testsuite hostname="Nikhil" failures="0" tests="1" name="cucumber.TestNgTestRunner" time="5.011" errors="0" timestamp="2022-12-07T18:34:28 IST" skipped="0">
  <testcase classname="cucumber.TestNgTestRunner" name="runScenario" time="5.011"/>
  <system-out/>
</testsuite> <!-- cucumber.TestNgTestRunner -->
